TN:
SF:app.js
FN:14,(anonymous_0)
FN:15,(anonymous_1)
FN:30,(anonymous_2)
FN:35,(anonymous_3)
FNF:4
FNH:1
FNDA:0,(anonymous_0)
FNDA:1,(anonymous_1)
FNDA:0,(anonymous_2)
FNDA:0,(anonymous_3)
DA:1,1
DA:2,1
DA:3,1
DA:4,1
DA:5,1
DA:6,1
DA:7,1
DA:9,1
DA:11,1
DA:13,1
DA:14,0
DA:15,1
DA:18,1
DA:19,1
DA:21,1
DA:22,1
DA:23,1
DA:24,1
DA:25,1
DA:27,1
DA:30,1
DA:31,0
DA:35,1
DA:37,0
DA:38,0
DA:41,0
DA:42,0
DA:45,1
LF:28
LH:22
BRDA:13,0,0,1
BRDA:13,0,1,1
BRDA:38,1,0,0
BRDA:38,1,1,0
BRDA:41,2,0,0
BRDA:41,2,1,0
BRF:6
BRH:2
end_of_record
TN:
SF:controllers\campaign.controller.js
FN:3,(anonymous_0)
FN:17,(anonymous_1)
FN:29,(anonymous_2)
FN:63,(anonymous_3)
FNF:4
FNH:2
FNDA:2,(anonymous_0)
FNDA:2,(anonymous_1)
FNDA:0,(anonymous_2)
FNDA:0,(anonymous_3)
DA:1,1
DA:3,1
DA:4,2
DA:5,2
DA:6,2
DA:11,2
DA:13,0
DA:17,1
DA:18,2
DA:19,2
DA:20,2
DA:22,0
DA:23,0
DA:25,0
DA:29,1
DA:30,0
DA:31,0
DA:32,0
DA:34,0
DA:47,0
DA:48,0
DA:51,0
DA:57,0
DA:59,0
DA:63,1
DA:64,0
DA:65,0
DA:66,0
DA:68,0
DA:69,0
DA:70,0
DA:73,0
DA:86,0
DA:93,0
DA:95,0
LF:35
LH:12
BRDA:7,0,0,2
BRDA:7,0,1,1
BRDA:8,1,0,2
BRDA:8,1,1,0
BRDA:9,2,0,2
BRDA:9,2,1,0
BRDA:22,3,0,0
BRDA:22,3,1,0
BRDA:22,4,0,0
BRDA:22,4,1,0
BRDA:47,5,0,0
BRDA:47,5,1,0
BRDA:66,6,0,0
BRDA:66,6,1,0
BRDA:89,7,0,0
BRDA:89,7,1,0
BRF:16
BRH:4
end_of_record
TN:
SF:models\campaign.model.js
FN:21,(anonymous_0)
FNF:1
FNH:0
FNDA:0,(anonymous_0)
DA:1,1
DA:2,1
DA:4,1
DA:22,0
DA:50,1
DA:52,1
LF:6
LH:5
BRF:0
BRH:0
end_of_record
TN:
SF:routes\api\campaign.route.js
FNF:0
FNH:0
DA:1,1
DA:2,1
DA:3,1
DA:5,1
DA:6,1
DA:7,1
DA:8,1
DA:10,1
LF:8
LH:8
BRF:0
BRH:0
end_of_record
